<?xml version="1.0" encoding="UTF-8"?>
<!-- Generated by org.testng.reporters.JUnitReportReporter -->
<testsuite skipped="0" hostname="DESKTOP-EOL8KEU" name="Activity.Calc1" tests="1" failures="0" timestamp="2020-07-30T12:22:13 IST" time="0.079" errors="0">
  <testcase name="sampleTest" time="0.079" classname="Activity.Calc1"/>
</testsuite> <!-- Activity.Calc1 -->
