<?xml version="1.0" encoding="UTF-8"?>
<!-- Generated by org.testng.reporters.JUnitReportReporter -->
<testsuite skipped="0" hostname="DESKTOP-EOL8KEU" name="Activity.calculator" tests="1" failures="0" timestamp="2020-08-02T21:19:34 IST" time="20.967" errors="0">
  <testcase name="calc" time="20.967" classname="Activity.calculator"/>
</testsuite> <!-- Activity.calculator -->
