<?xml version="1.0" encoding="UTF-8"?>
<!-- Generated by org.testng.reporters.JUnitReportReporter -->
<testsuite skipped="0" hostname="DESKTOP-EOL8KEU" name="Activity.Activity1" tests="1" failures="0" timestamp="2020-08-04T16:17:40 IST" time="24.366" errors="0">
  <testcase name="f" time="24.366" classname="Activity.Activity1"/>
</testsuite> <!-- Activity.Activity1 -->
