<?xml version="1.0" encoding="UTF-8"?>
<!-- Generated by org.testng.reporters.JUnitReportReporter -->
<testsuite skipped="0" hostname="DESKTOP-EOL8KEU" name="Project.Firstprojet_1" tests="1" failures="0" timestamp="2020-08-04T11:58:17 IST" time="15.302" errors="0">
  <testcase name="f" time="15.302" classname="Project.Firstprojet_1"/>
</testsuite> <!-- Project.Firstprojet_1 -->
