<?xml version="1.0" encoding="UTF-8"?>
<!-- Generated by org.testng.reporters.JUnitReportReporter -->
<testsuite skipped="0" hostname="DESKTOP-EOL8KEU" name="Project.Secondproject_3" tests="1" failures="0" timestamp="2020-08-05T20:55:21 IST" time="48.452" errors="0">
  <testcase name="f" time="48.452" classname="Project.Secondproject_3"/>
</testsuite> <!-- Project.Secondproject_3 -->
