<?xml version="1.0" encoding="UTF-8"?>
<!-- Generated by org.testng.reporters.JUnitReportReporter -->
<testsuite skipped="0" hostname="DESKTOP-EOL8KEU" name="Project.Secondproject_1" tests="1" failures="0" timestamp="2020-08-05T21:32:33 IST" time="41.464" errors="0">
  <testcase name="To_Do_List" time="41.464" classname="Project.Secondproject_1"/>
</testsuite> <!-- Project.Secondproject_1 -->
