<?xml version="1.0" encoding="UTF-8"?>
<!-- Generated by org.testng.reporters.JUnitReportReporter -->
<testsuite skipped="0" hostname="DESKTOP-EOL8KEU" name="Project.Firstproject_3" tests="1" failures="0" timestamp="2020-08-06T22:01:19 IST" time="13.685" errors="0">
  <testcase name="keep_rem" time="13.685" classname="Project.Firstproject_3"/>
</testsuite> <!-- Project.Firstproject_3 -->
