<?xml version="1.0" encoding="UTF-8"?>
<!-- Generated by org.testng.reporters.JUnitReportReporter -->
<testsuite skipped="0" hostname="DESKTOP-EOL8KEU" name="Project.Firstproject_2" tests="1" failures="0" timestamp="2020-08-04T12:25:27 IST" time="10.765" errors="0">
  <testcase name="f" time="10.765" classname="Project.Firstproject_2"/>
</testsuite> <!-- Project.Firstproject_2 -->
