<?xml version="1.0" encoding="UTF-8"?>
<!-- Generated by org.testng.reporters.JUnitReportReporter -->
<testsuite skipped="0" hostname="DESKTOP-EOL8KEU" name="Project.Secondproject_2" tests="1" failures="0" timestamp="2020-08-05T20:39:11 IST" time="39.921" errors="0">
  <testcase name="f" time="39.921" classname="Project.Secondproject_2"/>
</testsuite> <!-- Project.Secondproject_2 -->
